[14Jul2025 00:00:08.500] [Server thread/WARN] [net.minecraft.server.MinecraftServer/]: Can't keep up! Is the server overloaded? Running 6346ms or 126 ticks behind
[14Jul2025 00:00:29.170] [Server thread/WARN] [net.minecraft.server.MinecraftServer/]: Can't keep up! Is the server overloaded? Running 5716ms or 114 ticks behind
[14Jul2025 00:00:48.029] [Server thread/WARN] [net.minecraft.server.MinecraftServer/]: Can't keep up! Is the server overloaded? Running 3875ms or 77 ticks behind
[14Jul2025 00:01:07.218] [Server thread/WARN] [net.minecraft.server.MinecraftServer/]: Can't keep up! Is the server overloaded? Running 4214ms or 84 ticks behind
[14Jul2025 00:01:24.806] [Server thread/WARN] [net.minecraft.server.MinecraftServer/]: Can't keep up! Is the server overloaded? Running 2602ms or 52 ticks behind
[14Jul2025 00:01:27.646] [User Authenticator #8/INFO] [net.minecraft.server.network.ServerLoginPacketListenerImpl/]: UUID of player AlejaXxD13 is 78a7c604-8d16-4a3d-8ac9-4c8e6f9dd90c
[14Jul2025 00:01:30.652] [Server thread/INFO] [net.minecraft.server.players.PlayerList/]: AlejaXxD13[/127.126.91.214:39193] logged in with entity id 130447 at (-2234.171801559187, 64.0, 1653.187975838775)
[14Jul2025 00:01:30.655] [Server thread/INFO] [Create cobblestone/]: Syncing generator types to new client
[14Jul2025 00:01:30.655] [Server thread/INFO] [Create cobblestone/]: Send generator update packet to client
[14Jul2025 00:01:30.677] [Server thread/INFO] [ModernFix/]: Using enhanced recipe sync for player AlejaXxD13
[14Jul2025 00:01:30.680] [Server thread/INFO] [net.minecraft.server.MinecraftServer/]: AlejaXxD13 joined the game
[14Jul2025 00:01:30.716] [Server thread/INFO] [xaero.pac.OpenPartiesAndClaims/]: Updating all forceload tickets for 78a7c604-8d16-4a3d-8ac9-4c8e6f9dd90c
[14Jul2025 00:01:30.751] [Server thread/INFO] [Jade/]: Syncing config to AlejaXxD13 (78a7c604-8d16-4a3d-8ac9-4c8e6f9dd90c)
[14Jul2025 00:01:30.993] [Server thread/INFO] [ping-wheel/]: Channel update: AlejaXxD13 -> default
[14Jul2025 00:01:30.993] [Server thread/INFO] [voicechat/]: [voicechat] Received secret request of AlejaXxD13 (18)
[14Jul2025 00:01:30.994] [Server thread/INFO] [voicechat/]: [voicechat] Sent secret to AlejaXxD13
[14Jul2025 00:01:40.674] [Server thread/INFO] [do_a_barrel_roll/]: Client of AlejaXxD13 accepted server config.
[14Jul2025 00:01:43.955] [Server thread/WARN] [net.minecraft.server.MinecraftServer/]: Can't keep up! Is the server overloaded? Running 4151ms or 83 ticks behind
[14Jul2025 00:02:04.355] [Server thread/WARN] [net.minecraft.server.MinecraftServer/]: Can't keep up! Is the server overloaded? Running 5401ms or 108 ticks behind
[14Jul2025 00:02:24.343] [Server thread/WARN] [net.minecraft.server.MinecraftServer/]: Can't keep up! Is the server overloaded? Running 4989ms or 99 ticks behind
[14Jul2025 00:02:34.924] [Server thread/INFO] [net.minecraft.server.MinecraftServer/]: <Charwx080_aja> z
[14Jul2025 00:02:35.057] [Server thread/INFO] [net.minecraft.server.MinecraftServer/]: <Charwx080_aja> z
[14Jul2025 00:02:35.231] [Server thread/INFO] [net.minecraft.server.MinecraftServer/]: <Charwx080_aja> z
[14Jul2025 00:02:35.399] [Server thread/INFO] [net.minecraft.server.MinecraftServer/]: <Charwx080_aja> z
[14Jul2025 00:02:54.900] [Server thread/INFO] [net.minecraft.server.MinecraftServer/]: <Charwx080_aja> z
[14Jul2025 00:02:55.099] [Server thread/INFO] [net.minecraft.server.MinecraftServer/]: <Charwx080_aja> z
[14Jul2025 00:02:55.263] [Server thread/INFO] [net.minecraft.server.MinecraftServer/]: <Charwx080_aja> z
[14Jul2025 00:02:55.398] [Server thread/INFO] [net.minecraft.server.MinecraftServer/]: <Charwx080_aja> z
[14Jul2025 00:03:10.495] [Server thread/INFO] [net.minecraft.server.MinecraftServer/]: <Webby80es> zzzz
[14Jul2025 00:03:25.851] [Server thread/INFO] [net.minecraft.server.MinecraftServer/]: <Charwx080_aja> z
[14Jul2025 00:03:26.005] [Server thread/INFO] [net.minecraft.server.MinecraftServer/]: <Charwx080_aja> z
[14Jul2025 00:03:26.152] [Server thread/INFO] [net.minecraft.server.MinecraftServer/]: <Charwx080_aja> z
[14Jul2025 00:04:33.842] [Server thread/INFO] [net.minecraft.server.MinecraftServer/]: AlejaXxD13 withered away
[14Jul2025 00:04:35.115] [Server thread/INFO] [do_a_barrel_roll/]: Client of AlejaXxD13 accepted server config.
[14Jul2025 00:12:35.988] [Server thread/INFO] [net.minecraft.server.network.ServerGamePacketListenerImpl/]: AlejaXxD13 lost connection: Disconnected
[14Jul2025 00:12:35.988] [Server thread/INFO] [net.minecraft.server.MinecraftServer/]: AlejaXxD13 left the game
[14Jul2025 00:12:35.988] [Server thread/INFO] [xaero.pac.OpenPartiesAndClaims/]: Updating all forceload tickets for 78a7c604-8d16-4a3d-8ac9-4c8e6f9dd90c
[14Jul2025 00:12:35.989] [Server thread/INFO] [voicechat/]: [voicechat] Disconnecting client AlejaXxD13
[14Jul2025 00:12:45.743] [Server thread/INFO] [net.minecraft.server.MinecraftServer/]: [Webby80es: Teleported Webby80es to -2245.500000, 75.500000, 1823.500000]
[14Jul2025 00:12:53.251] [Server thread/INFO] [net.minecraft.server.MinecraftServer/]: [Webby80es: Teleported Webby80es to -2134.500000, 98.500000, 1880.500000]
[14Jul2025 00:13:13.605] [Server thread/INFO] [net.minecraft.server.MinecraftServer/]: [Webby80es: Teleported Webby80es to Elpompetas]
[14Jul2025 00:15:01.124] [Server thread/INFO] [net.minecraft.world.entity.npc.Villager/]: Villager Villager['Butcher'/105890, l='ServerLevel[world]', x=-2155.55, y=94.00, z=1853.58] died, message: 'Butcher bled to death'
[14Jul2025 00:15:13.671] [Server thread/INFO] [net.minecraft.world.entity.npc.Villager/]: Villager Villager['Cleric'/76836, l='ServerLevel[world]', x=-2162.04, y=85.50, z=1878.83] died, message: 'Cleric hit the ground too hard whilst trying to escape Zombie'
[14Jul2025 00:15:33.963] [Server thread/INFO] [net.minecraft.world.entity.npc.Villager/]: Villager Villager['Librarian'/141550, l='ServerLevel[world]', x=-2201.88, y=67.00, z=1842.14] died, message: 'Librarian was shot by Skeleton'
[14Jul2025 00:17:03.244] [Server thread/INFO] [net.minecraft.server.network.ServerGamePacketListenerImpl/]: Elpompetas lost connection: Disconnected
[14Jul2025 00:17:03.244] [Server thread/INFO] [net.minecraft.server.MinecraftServer/]: Elpompetas left the game
[14Jul2025 00:17:03.245] [Server thread/INFO] [xaero.pac.OpenPartiesAndClaims/]: Updating all forceload tickets for f1560095-bd08-4100-b4d8-75c6e03f0dc3
[14Jul2025 00:17:03.246] [Server thread/INFO] [voicechat/]: [voicechat] Disconnecting client Elpompetas
[14Jul2025 00:18:46.297] [Server thread/INFO] [net.minecraft.server.network.ServerGamePacketListenerImpl/]: Charwx080_aja lost connection: Disconnected
[14Jul2025 00:18:46.297] [Server thread/INFO] [net.minecraft.server.MinecraftServer/]: Charwx080_aja left the game
[14Jul2025 00:18:46.297] [Server thread/INFO] [xaero.pac.OpenPartiesAndClaims/]: Updating all forceload tickets for f56ceb3c-0490-461d-8c1a-0756d7eb7240
[14Jul2025 00:18:46.298] [Server thread/INFO] [voicechat/]: [voicechat] Disconnecting client Charwx080_aja
[14Jul2025 00:43:19.428] [Server thread/INFO] [net.minecraft.server.network.ServerGamePacketListenerImpl/]: Webby80es lost connection: Disconnected
[14Jul2025 00:43:19.428] [Server thread/INFO] [net.minecraft.server.MinecraftServer/]: Webby80es left the game
[14Jul2025 00:43:19.428] [Server thread/INFO] [xaero.pac.OpenPartiesAndClaims/]: Updating all forceload tickets for cb7eef6e-db76-493a-833a-9d516abc0597
[14Jul2025 00:43:19.429] [Server thread/INFO] [voicechat/]: [voicechat] Disconnecting client Webby80es
[14Jul2025 00:43:23.562] [Server thread/INFO] [net.minecraft.server.MinecraftServer/]: Stopping the server
[14Jul2025 00:43:23.666] [Config file watcher thread/INFO] [portb.configlib.ConfigLib/]: Watcher has shut down
[14Jul2025 00:43:23.696] [Server thread/INFO] [VivecraftServer/]: Vivecraft: shutting down vivecraft scheduler
[14Jul2025 00:43:23.696] [Server thread/INFO] [net.minecraft.server.MinecraftServer/]: Stopping server
[14Jul2025 00:43:23.698] [Server thread/INFO] [net.minecraft.server.MinecraftServer/]: Saving players
[14Jul2025 00:43:23.698] [Server thread/INFO] [net.minecraft.server.MinecraftServer/]: Saving worlds
[14Jul2025 00:43:23.765] [Server thread/INFO] [net.minecraft.server.MinecraftServer/]: Saving chunks for level 'ServerLevel[world]'/minecraft:overworld
[14Jul2025 00:43:23.965] [Server thread/INFO] [net.minecraft.server.MinecraftServer/]: Saving chunks for level 'ServerLevel[world]'/minecraft:the_end
[14Jul2025 00:43:23.966] [Server thread/INFO] [net.minecraft.server.MinecraftServer/]: Saving chunks for level 'ServerLevel[world]'/deeperdarker:otherside
[14Jul2025 00:43:23.966] [Server thread/INFO] [net.minecraft.server.MinecraftServer/]: Saving chunks for level 'ServerLevel[world]'/voidscape:void
[14Jul2025 00:43:23.967] [Server thread/INFO] [net.minecraft.server.MinecraftServer/]: Saving chunks for level 'ServerLevel[world]'/witherstormmod:bowels
[14Jul2025 00:43:23.969] [Server thread/INFO] [net.minecraft.server.MinecraftServer/]: Saving chunks for level 'ServerLevel[world]'/minecraft:the_nether
[14Jul2025 00:43:23.971] [Server thread/INFO] [net.minecraft.server.MinecraftServer/]: Saving chunks for level 'ServerLevel[world]'/undergarden:undergarden
[14Jul2025 00:43:23.997] [Server thread/INFO] [net.minecraft.server.MinecraftServer/]: ThreadedAnvilChunkStorage (world): All chunks are saved
[14Jul2025 00:43:23.997] [Server thread/INFO] [net.minecraft.server.MinecraftServer/]: ThreadedAnvilChunkStorage (DIM1): All chunks are saved
[14Jul2025 00:43:23.998] [Server thread/INFO] [net.minecraft.server.MinecraftServer/]: ThreadedAnvilChunkStorage (otherside): All chunks are saved
[14Jul2025 00:43:23.998] [Server thread/INFO] [net.minecraft.server.MinecraftServer/]: ThreadedAnvilChunkStorage (void): All chunks are saved
[14Jul2025 00:43:23.998] [Server thread/INFO] [net.minecraft.server.MinecraftServer/]: ThreadedAnvilChunkStorage (bowels): All chunks are saved
[14Jul2025 00:43:23.998] [Server thread/INFO] [net.minecraft.server.MinecraftServer/]: ThreadedAnvilChunkStorage (DIM-1): All chunks are saved
[14Jul2025 00:43:23.998] [Server thread/INFO] [net.minecraft.server.MinecraftServer/]: ThreadedAnvilChunkStorage (undergarden): All chunks are saved
[14Jul2025 00:43:23.998] [Server thread/INFO] [net.minecraft.server.MinecraftServer/]: ThreadedAnvilChunkStorage: All dimensions are saved
[14Jul2025 00:43:24.173] [Server thread/INFO] [Framework/]: Unloading server configs...
[14Jul2025 00:43:24.174] [Server thread/INFO] [Framework/]: Sending config unload event for goblintraders-entities.toml
[14Jul2025 00:43:24.178] [Server thread/INFO] [Framework/]: Finished unloading server configs
[14Jul2025 00:43:24.181] [Server thread/INFO] [xaero.pac.OpenPartiesAndClaims/]: Stopping IO worker...
[14Jul2025 00:43:24.181] [Server thread/INFO] [xaero.pac.OpenPartiesAndClaims/]: Stopped IO worker!
